<?xml version="1.0" encoding="UTF-8"?>
<testsuite xmlns:xsi="http://www.w3.org/2001/XMLSchema-instance" xsi:noNamespaceSchemaLocation="https://maven.apache.org/surefire/maven-surefire-plugin/xsd/surefire-test-report-3.0.xsd" version="3.0" name="com.tau.runner.RunCucumberTests" time="54.069" tests="8" errors="0" skipped="0" failures="0">
  <properties>
[...]
</properties>
  <testcase name="Bill Pay" classname="Bill Pay Functionality" time="14.69"/>
  <testcase name="Login Successful" classname="Login Functionality" time="3.948"/>
  <testcase name="Login Unsuccessful" classname="Login Functionality" time="3.338"/>
  <testcase name="Login With Test Data" classname="Login Functionality With Test Data" time="2.887"/>
  <testcase name="Login With Test Data" classname="Login Functionality With Test Data" time="2.501"/>
  <testcase name="Login With Test Data" classname="Login Functionality With Test Data" time="3.12"/>
  <testcase name="Open New Account" classname="Open New Account Functionality" time="7.751"/>
  <testcase name="Register Successful" classname="Register Functionality" time="15.221"/>
</testsuite>